# JRE version: Java(TM) SE Runtime Environment (8.0_31-b13) (build 1.8.0_31-b13)
# Java VM: Java HotSpot(TM) 64-Bit Server VM (25.31-b07 mixed mode windows-amd64 compressed oops)
Heap:
 PSYoungGen      total 360448K, used 312130K [0x00000000d5c00000, 0x00000000ed080000, 0x0000000100000000)
  eden space 348672K, 86% used [0x00000000d5c00000,0x00000000e83d58a0,0x00000000eb080000)
  from space 11776K, 78% used [0x00000000ec500000,0x00000000ecdfb188,0x00000000ed080000)
  to   space 16384K, 0% used [0x00000000eb080000,0x00000000eb080000,0x00000000ec080000)
 ParOldGen       total 112128K, used 39080K [0x0000000081400000, 0x0000000088180000, 0x00000000d5c00000)
  object space 112128K, 34% used [0x0000000081400000,0x0000000083a2a3f0,0x0000000088180000)
 Metaspace       used 80726K, capacity 81738K, committed 81792K, reserved 1120256K
  class space    used 9871K, capacity 10106K, committed 10112K, reserved 1048576K
GC Heap History (10 events):
Event: 37.043 GC heap before
{Heap before GC invocations=19 (full 2):
 PSYoungGen      total 264704K, used 264569K [0x00000000d5c00000, 0x00000000e6f80000, 0x0000000100000000)
  eden space 254976K, 100% used [0x00000000d5c00000,0x00000000e5500000,0x00000000e5500000)
  from space 9728K, 98% used [0x00000000e6600000,0x00000000e6f5e5e0,0x00000000e6f80000)
  to   space 12288K, 0% used [0x00000000e5780000,0x00000000e5780000,0x00000000e6380000)
 ParOldGen       total 75264K, used 29355K [0x0000000081400000, 0x0000000085d80000, 0x00000000d5c00000)
  object space 75264K, 39% used [0x0000000081400000,0x00000000830aaff8,0x0000000085d80000)
 Metaspace       used 57939K, capacity 58480K, committed 58624K, reserved 1099776K
  class space    used 7271K, capacity 7416K, committed 7424K, reserved 1048576K
Event: 37.063 GC heap after
Heap after GC invocations=19 (full 2):
 PSYoungGen      total 269824K, used 12272K [0x00000000d5c00000, 0x00000000e9b00000, 0x0000000100000000)
  eden space 257536K, 0% used [0x00000000d5c00000,0x00000000d5c00000,0x00000000e5780000)
  from space 12288K, 99% used [0x00000000e5780000,0x00000000e637c088,0x00000000e6380000)
  to   space 15360K, 0% used [0x00000000e8c00000,0x00000000e8c00000,0x00000000e9b00000)
 ParOldGen       total 75264K, used 33292K [0x0000000081400000, 0x0000000085d80000, 0x00000000d5c00000)
  object space 75264K, 44% used [0x0000000081400000,0x0000000083483240,0x0000000085d80000)
 Metaspace       used 57939K, capacity 58480K, committed 58624K, reserved 1099776K
  class space    used 7271K, capacity 7416K, committed 7424K, reserved 1048576K
}
Event: 37.377 GC heap before
{Heap before GC invocations=20 (full 2):
 PSYoungGen      total 269824K, used 16645K [0x00000000d5c00000, 0x00000000e9b00000, 0x0000000100000000)
  eden space 257536K, 1% used [0x00000000d5c00000,0x00000000d6045550,0x00000000e5780000)
  from space 12288K, 99% used [0x00000000e5780000,0x00000000e637c088,0x00000000e6380000)
  to   space 15360K, 0% used [0x00000000e8c00000,0x00000000e8c00000,0x00000000e9b00000)
 ParOldGen       total 75264K, used 33292K [0x0000000081400000, 0x0000000085d80000, 0x00000000d5c00000)
  object space 75264K, 44% used [0x0000000081400000,0x0000000083483240,0x0000000085d80000)
 Metaspace       used 58210K, capacity 58710K, committed 59008K, reserved 1101824K
  class space    used 7297K, capacity 7449K, committed 7552K, reserved 1048576K
Event: 37.387 GC heap after
Heap after GC invocations=20 (full 2):
 PSYoungGen      total 310784K, used 282K [0x00000000d5c00000, 0x00000000eac80000, 0x0000000100000000)
  eden space 295424K, 0% used [0x00000000d5c00000,0x00000000d5c00000,0x00000000e7c80000)
  from space 15360K, 1% used [0x00000000e8c00000,0x00000000e8c46ac0,0x00000000e9b00000)
  to   space 15872K, 0% used [0x00000000e7c80000,0x00000000e7c80000,0x00000000e8c00000)
 ParOldGen       total 75264K, used 43456K [0x0000000081400000, 0x0000000085d80000, 0x00000000d5c00000)
  object space 75264K, 57% used [0x0000000081400000,0x0000000083e703e8,0x0000000085d80000)
 Metaspace       used 58210K, capacity 58710K, committed 59008K, reserved 1101824K
  class space    used 7297K, capacity 7449K, committed 7552K, reserved 1048576K
}
Event: 37.387 GC heap before
{Heap before GC invocations=21 (full 3):
 PSYoungGen      total 310784K, used 282K [0x00000000d5c00000, 0x00000000eac80000, 0x0000000100000000)
  eden space 295424K, 0% used [0x00000000d5c00000,0x00000000d5c00000,0x00000000e7c80000)
  from space 15360K, 1% used [0x00000000e8c00000,0x00000000e8c46ac0,0x00000000e9b00000)
  to   space 15872K, 0% used [0x00000000e7c80000,0x00000000e7c80000,0x00000000e8c00000)
 ParOldGen       total 75264K, used 43456K [0x0000000081400000, 0x0000000085d80000, 0x00000000d5c00000)
  object space 75264K, 57% used [0x0000000081400000,0x0000000083e703e8,0x0000000085d80000)
 Metaspace       used 58210K, capacity 58710K, committed 59008K, reserved 1101824K
  class space    used 7297K, capacity 7449K, committed 7552K, reserved 1048576K
Event: 37.599 GC heap after
Heap after GC invocations=21 (full 3):
 PSYoungGen      total 310784K, used 0K [0x00000000d5c00000, 0x00000000eac80000, 0x0000000100000000)
  eden space 295424K, 0% used [0x00000000d5c00000,0x00000000d5c00000,0x00000000e7c80000)
  from space 15360K, 0% used [0x00000000e8c00000,0x00000000e8c00000,0x00000000e9b00000)
  to   space 15872K, 0% used [0x00000000e7c80000,0x00000000e7c80000,0x00000000e8c00000)
 ParOldGen       total 112128K, used 31865K [0x0000000081400000, 0x0000000088180000, 0x00000000d5c00000)
  object space 112128K, 28% used [0x0000000081400000,0x000000008331e7a8,0x0000000088180000)
 Metaspace       used 58210K, capacity 58710K, committed 59008K, reserved 1101824K
  class space    used 7297K, capacity 7449K, committed 7552K, reserved 1048576K
}
Event: 41.515 GC heap before
{Heap before GC invocations=22 (full 3):
 PSYoungGen      total 310784K, used 295424K [0x00000000d5c00000, 0x00000000eac80000, 0x0000000100000000)
  eden space 295424K, 100% used [0x00000000d5c00000,0x00000000e7c80000,0x00000000e7c80000)
  from space 15360K, 0% used [0x00000000e8c00000,0x00000000e8c00000,0x00000000e9b00000)
  to   space 15872K, 0% used [0x00000000e7c80000,0x00000000e7c80000,0x00000000e8c00000)
 ParOldGen       total 112128K, used 31865K [0x0000000081400000, 0x0000000088180000, 0x00000000d5c00000)
  object space 112128K, 28% used [0x0000000081400000,0x000000008331e7a8,0x0000000088180000)
 Metaspace       used 63085K, capacity 63754K, committed 64000K, reserved 1105920K
  class space    used 7936K, capacity 8132K, committed 8192K, reserved 1048576K
Event: 41.532 GC heap after
Heap after GC invocations=22 (full 3):
 PSYoungGen      total 311296K, used 11577K [0x00000000d5c00000, 0x00000000ed580000, 0x0000000100000000)
  eden space 295424K, 0% used [0x00000000d5c00000,0x00000000d5c00000,0x00000000e7c80000)
  from space 15872K, 72% used [0x00000000e7c80000,0x00000000e87ce6b0,0x00000000e8c00000)
  to   space 16896K, 0% used [0x00000000ec500000,0x00000000ec500000,0x00000000ed580000)
 ParOldGen       total 112128K, used 31873K [0x0000000081400000, 0x0000000088180000, 0x00000000d5c00000)
  object space 112128K, 28% used [0x0000000081400000,0x00000000833207a8,0x0000000088180000)
 Metaspace       used 63085K, capacity 63754K, committed 64000K, reserved 1105920K
  class space    used 7936K, capacity 8132K, committed 8192K, reserved 1048576K
}
Event: 44.378 GC heap before
{Heap before GC invocations=23 (full 3):
 PSYoungGen      total 311296K, used 307001K [0x00000000d5c00000, 0x00000000ed580000, 0x0000000100000000)
  eden space 295424K, 100% used [0x00000000d5c00000,0x00000000e7c80000,0x00000000e7c80000)
  from space 15872K, 72% used [0x00000000e7c80000,0x00000000e87ce6b0,0x00000000e8c00000)
  to   space 16896K, 0% used [0x00000000ec500000,0x00000000ec500000,0x00000000ed580000)
 ParOldGen       total 112128K, used 31873K [0x0000000081400000, 0x0000000088180000, 0x00000000d5c00000)
  object space 112128K, 28% used [0x0000000081400000,0x00000000833207a8,0x0000000088180000)
 Metaspace       used 65925K, capacity 66836K, committed 66944K, reserved 1107968K
  class space    used 8323K, capacity 8517K, committed 8576K, reserved 1048576K
Event: 44.394 GC heap after
Heap after GC invocations=23 (full 3):
 PSYoungGen      total 360448K, used 9196K [0x00000000d5c00000, 0x00000000ed080000, 0x0000000100000000)
  eden space 348672K, 0% used [0x00000000d5c00000,0x00000000d5c00000,0x00000000eb080000)
  from space 11776K, 78% used [0x00000000ec500000,0x00000000ecdfb188,0x00000000ed080000)
  to   space 16384K, 0% used [0x00000000eb080000,0x00000000eb080000,0x00000000ec080000)
 ParOldGen       total 112128K, used 39080K [0x0000000081400000, 0x0000000088180000, 0x00000000d5c00000)
  object space 112128K, 34% used [0x0000000081400000,0x0000000083a2a3f0,0x0000000088180000)
 Metaspace       used 65925K, capacity 66836K, committed 66944K, reserved 1107968K
  class space    used 8323K, capacity 8517K, committed 8576K, reserved 1048576K
}

